<?xml version="1.0" encoding="UTF-8"?>
<testsuite xmlns:xsi="http://www.w3.org/2001/XMLSchema-instance" xsi:noNamespaceSchemaLocation="https://maven.apache.org/surefire/maven-surefire-plugin/xsd/surefire-test-report-3.0.xsd" version="3.0" name="edu.eci.arsw.blueprints.test.services.ApplicationServicesTests" time="2.701" tests="3" errors="0" skipped="0" failures="0">
  <properties>
    <property name="java.specification.version" value="17"/>
    <property name="sun.jnu.encoding" value="UTF-8"/>
    <property name="java.class.path" value="/home/daviespr/JS_Blueprint/target/test-classes:/home/daviespr/JS_Blueprint/target/classes:/home/daviespr/.m2/repository/org/aspectj/aspectjweaver/1.9.21/aspectjweaver-1.9.21.jar:/home/daviespr/.m2/repository/org/springframework/boot/spring-boot-starter-web/3.3.4/spring-boot-starter-web-3.3.4.jar:/home/daviespr/.m2/repository/org/springframework/boot/spring-boot-starter/3.3.4/spring-boot-starter-3.3.4.jar:/home/daviespr/.m2/repository/org/springframework/boot/spring-boot/3.3.4/spring-boot-3.3.4.jar:/home/daviespr/.m2/repository/org/springframework/boot/spring-boot-autoconfigure/3.3.4/spring-boot-autoconfigure-3.3.4.jar:/home/daviespr/.m2/repository/org/springframework/boot/spring-boot-starter-logging/3.3.4/spring-boot-starter-logging-3.3.4.jar:/home/daviespr/.m2/repository/ch/qos/logback/logback-classic/1.5.8/logback-classic-1.5.8.jar:/home/daviespr/.m2/repository/ch/qos/logback/logback-core/1.5.8/logback-core-1.5.8.jar:/home/daviespr/.m2/repository/org/apache/logging/log4j/log4j-to-slf4j/2.23.1/log4j-to-slf4j-2.23.1.jar:/home/daviespr/.m2/repository/org/apache/logging/log4j/log4j-api/2.23.1/log4j-api-2.23.1.jar:/home/daviespr/.m2/repository/org/slf4j/jul-to-slf4j/2.0.16/jul-to-slf4j-2.0.16.jar:/home/daviespr/.m2/repository/jakarta/annotation/jakarta.annotation-api/2.1.1/jakarta.annotation-api-2.1.1.jar:/home/daviespr/.m2/repository/org/yaml/snakeyaml/2.2/snakeyaml-2.2.jar:/home/daviespr/.m2/repository/org/springframework/boot/spring-boot-starter-json/3.3.4/spring-boot-starter-json-3.3.4.jar:/home/daviespr/.m2/repository/com/fasterxml/jackson/datatype/jackson-datatype-jdk8/2.17.2/jackson-datatype-jdk8-2.17.2.jar:/home/daviespr/.m2/repository/com/fasterxml/jackson/datatype/jackson-datatype-jsr310/2.17.2/jackson-datatype-jsr310-2.17.2.jar:/home/daviespr/.m2/repository/com/fasterxml/jackson/module/jackson-module-parameter-names/2.17.2/jackson-module-parameter-names-2.17.2.jar:/home/daviespr/.m2/repository/org/springframework/boot/spring-boot-starter-tomcat/3.3.4/spring-boot-starter-tomcat-3.3.4.jar:/home/daviespr/.m2/repository/org/apache/tomcat/embed/tomcat-embed-core/10.1.30/tomcat-embed-core-10.1.30.jar:/home/daviespr/.m2/repository/org/apache/tomcat/embed/tomcat-embed-el/10.1.30/tomcat-embed-el-10.1.30.jar:/home/daviespr/.m2/repository/org/apache/tomcat/embed/tomcat-embed-websocket/10.1.30/tomcat-embed-websocket-10.1.30.jar:/home/daviespr/.m2/repository/org/springframework/spring-web/6.1.13/spring-web-6.1.13.jar:/home/daviespr/.m2/repository/org/springframework/spring-beans/6.1.13/spring-beans-6.1.13.jar:/home/daviespr/.m2/repository/io/micrometer/micrometer-observation/1.13.4/micrometer-observation-1.13.4.jar:/home/daviespr/.m2/repository/io/micrometer/micrometer-commons/1.13.4/micrometer-commons-1.13.4.jar:/home/daviespr/.m2/repository/org/springframework/spring-webmvc/6.1.13/spring-webmvc-6.1.13.jar:/home/daviespr/.m2/repository/org/springframework/spring-context/6.1.13/spring-context-6.1.13.jar:/home/daviespr/.m2/repository/org/springframework/spring-expression/6.1.13/spring-expression-6.1.13.jar:/home/daviespr/.m2/repository/org/springframework/boot/spring-boot-starter-aop/3.3.4/spring-boot-starter-aop-3.3.4.jar:/home/daviespr/.m2/repository/org/springframework/spring-aop/6.1.13/spring-aop-6.1.13.jar:/home/daviespr/.m2/repository/org/springframework/boot/spring-boot-starter-test/3.3.4/spring-boot-starter-test-3.3.4.jar:/home/daviespr/.m2/repository/org/springframework/boot/spring-boot-test/3.3.4/spring-boot-test-3.3.4.jar:/home/daviespr/.m2/repository/org/springframework/boot/spring-boot-test-autoconfigure/3.3.4/spring-boot-test-autoconfigure-3.3.4.jar:/home/daviespr/.m2/repository/com/jayway/jsonpath/json-path/2.9.0/json-path-2.9.0.jar:/home/daviespr/.m2/repository/org/slf4j/slf4j-api/2.0.16/slf4j-api-2.0.16.jar:/home/daviespr/.m2/repository/jakarta/xml/bind/jakarta.xml.bind-api/4.0.2/jakarta.xml.bind-api-4.0.2.jar:/home/daviespr/.m2/repository/jakarta/activation/jakarta.activation-api/2.1.3/jakarta.activation-api-2.1.3.jar:/home/daviespr/.m2/repository/net/minidev/json-smart/2.5.1/json-smart-2.5.1.jar:/home/daviespr/.m2/repository/net/minidev/accessors-smart/2.5.1/accessors-smart-2.5.1.jar:/home/daviespr/.m2/repository/org/ow2/asm/asm/9.6/asm-9.6.jar:/home/daviespr/.m2/repository/org/assertj/assertj-core/3.25.3/assertj-core-3.25.3.jar:/home/daviespr/.m2/repository/net/bytebuddy/byte-buddy/1.14.19/byte-buddy-1.14.19.jar:/home/daviespr/.m2/repository/org/awaitility/awaitility/4.2.2/awaitility-4.2.2.jar:/home/daviespr/.m2/repository/org/hamcrest/hamcrest/2.2/hamcrest-2.2.jar:/home/daviespr/.m2/repository/org/mockito/mockito-core/5.11.0/mockito-core-5.11.0.jar:/home/daviespr/.m2/repository/net/bytebuddy/byte-buddy-agent/1.14.19/byte-buddy-agent-1.14.19.jar:/home/daviespr/.m2/repository/org/objenesis/objenesis/3.3/objenesis-3.3.jar:/home/daviespr/.m2/repository/org/mockito/mockito-junit-jupiter/5.11.0/mockito-junit-jupiter-5.11.0.jar:/home/daviespr/.m2/repository/org/skyscreamer/jsonassert/1.5.3/jsonassert-1.5.3.jar:/home/daviespr/.m2/repository/com/vaadin/external/google/android-json/0.0.20131108.vaadin1/android-json-0.0.20131108.vaadin1.jar:/home/daviespr/.m2/repository/org/springframework/spring-core/6.1.13/spring-core-6.1.13.jar:/home/daviespr/.m2/repository/org/springframework/spring-jcl/6.1.13/spring-jcl-6.1.13.jar:/home/daviespr/.m2/repository/org/springframework/spring-test/6.1.13/spring-test-6.1.13.jar:/home/daviespr/.m2/repository/org/xmlunit/xmlunit-core/2.9.1/xmlunit-core-2.9.1.jar:/home/daviespr/.m2/repository/org/junit/jupiter/junit-jupiter/5.8.1/junit-jupiter-5.8.1.jar:/home/daviespr/.m2/repository/org/junit/jupiter/junit-jupiter-api/5.10.3/junit-jupiter-api-5.10.3.jar:/home/daviespr/.m2/repository/org/opentest4j/opentest4j/1.3.0/opentest4j-1.3.0.jar:/home/daviespr/.m2/repository/org/junit/platform/junit-platform-commons/1.10.3/junit-platform-commons-1.10.3.jar:/home/daviespr/.m2/repository/org/apiguardian/apiguardian-api/1.1.2/apiguardian-api-1.1.2.jar:/home/daviespr/.m2/repository/org/junit/jupiter/junit-jupiter-params/5.10.3/junit-jupiter-params-5.10.3.jar:/home/daviespr/.m2/repository/org/junit/jupiter/junit-jupiter-engine/5.10.3/junit-jupiter-engine-5.10.3.jar:/home/daviespr/.m2/repository/org/junit/platform/junit-platform-engine/1.10.3/junit-platform-engine-1.10.3.jar:/home/daviespr/.m2/repository/org/webjars/webjars-locator/0.52/webjars-locator-0.52.jar:/home/daviespr/.m2/repository/org/webjars/webjars-locator-core/0.58/webjars-locator-core-0.58.jar:/home/daviespr/.m2/repository/io/github/classgraph/classgraph/4.8.168/classgraph-4.8.168.jar:/home/daviespr/.m2/repository/com/fasterxml/jackson/core/jackson-core/2.17.2/jackson-core-2.17.2.jar:/home/daviespr/.m2/repository/com/fasterxml/jackson/core/jackson-databind/2.17.2/jackson-databind-2.17.2.jar:/home/daviespr/.m2/repository/com/fasterxml/jackson/core/jackson-annotations/2.17.2/jackson-annotations-2.17.2.jar:/home/daviespr/.m2/repository/org/apache/commons/commons-text/1.11.0/commons-text-1.11.0.jar:/home/daviespr/.m2/repository/org/apache/commons/commons-lang3/3.14.0/commons-lang3-3.14.0.jar:/home/daviespr/.m2/repository/com/github/spullara/mustache/java/compiler/0.9.11/compiler-0.9.11.jar:/home/daviespr/.m2/repository/org/webjars/bootstrap/3.3.7/bootstrap-3.3.7.jar:/home/daviespr/.m2/repository/org/webjars/jquery/3.1.0/jquery-3.1.0.jar:"/>
    <property name="java.vm.vendor" value="Debian"/>
    <property name="sun.arch.data.model" value="64"/>
    <property name="java.vendor.url" value="https://tracker.debian.org/openjdk-17"/>
    <property name="user.timezone" value="America/Bogota"/>
    <property name="os.name" value="Linux"/>
    <property name="java.vm.specification.version" value="17"/>
    <property name="sun.java.launcher" value="SUN_STANDARD"/>
    <property name="user.country" value="CO"/>
    <property name="sun.boot.library.path" value="/usr/lib/jvm/java-17-openjdk-amd64/lib"/>
    <property name="sun.java.command" value="/home/daviespr/JS_Blueprint/target/surefire/surefirebooter-20251004082813694_3.jar /home/daviespr/JS_Blueprint/target/surefire 2025-10-04T08-28-13_607-jvmRun1 surefire-20251004082813694_1tmp surefire_0-20251004082813694_2tmp"/>
    <property name="jdk.debug" value="release"/>
    <property name="surefire.test.class.path" value="/home/daviespr/JS_Blueprint/target/test-classes:/home/daviespr/JS_Blueprint/target/classes:/home/daviespr/.m2/repository/org/aspectj/aspectjweaver/1.9.21/aspectjweaver-1.9.21.jar:/home/daviespr/.m2/repository/org/springframework/boot/spring-boot-starter-web/3.3.4/spring-boot-starter-web-3.3.4.jar:/home/daviespr/.m2/repository/org/springframework/boot/spring-boot-starter/3.3.4/spring-boot-starter-3.3.4.jar:/home/daviespr/.m2/repository/org/springframework/boot/spring-boot/3.3.4/spring-boot-3.3.4.jar:/home/daviespr/.m2/repository/org/springframework/boot/spring-boot-autoconfigure/3.3.4/spring-boot-autoconfigure-3.3.4.jar:/home/daviespr/.m2/repository/org/springframework/boot/spring-boot-starter-logging/3.3.4/spring-boot-starter-logging-3.3.4.jar:/home/daviespr/.m2/repository/ch/qos/logback/logback-classic/1.5.8/logback-classic-1.5.8.jar:/home/daviespr/.m2/repository/ch/qos/logback/logback-core/1.5.8/logback-core-1.5.8.jar:/home/daviespr/.m2/repository/org/apache/logging/log4j/log4j-to-slf4j/2.23.1/log4j-to-slf4j-2.23.1.jar:/home/daviespr/.m2/repository/org/apache/logging/log4j/log4j-api/2.23.1/log4j-api-2.23.1.jar:/home/daviespr/.m2/repository/org/slf4j/jul-to-slf4j/2.0.16/jul-to-slf4j-2.0.16.jar:/home/daviespr/.m2/repository/jakarta/annotation/jakarta.annotation-api/2.1.1/jakarta.annotation-api-2.1.1.jar:/home/daviespr/.m2/repository/org/yaml/snakeyaml/2.2/snakeyaml-2.2.jar:/home/daviespr/.m2/repository/org/springframework/boot/spring-boot-starter-json/3.3.4/spring-boot-starter-json-3.3.4.jar:/home/daviespr/.m2/repository/com/fasterxml/jackson/datatype/jackson-datatype-jdk8/2.17.2/jackson-datatype-jdk8-2.17.2.jar:/home/daviespr/.m2/repository/com/fasterxml/jackson/datatype/jackson-datatype-jsr310/2.17.2/jackson-datatype-jsr310-2.17.2.jar:/home/daviespr/.m2/repository/com/fasterxml/jackson/module/jackson-module-parameter-names/2.17.2/jackson-module-parameter-names-2.17.2.jar:/home/daviespr/.m2/repository/org/springframework/boot/spring-boot-starter-tomcat/3.3.4/spring-boot-starter-tomcat-3.3.4.jar:/home/daviespr/.m2/repository/org/apache/tomcat/embed/tomcat-embed-core/10.1.30/tomcat-embed-core-10.1.30.jar:/home/daviespr/.m2/repository/org/apache/tomcat/embed/tomcat-embed-el/10.1.30/tomcat-embed-el-10.1.30.jar:/home/daviespr/.m2/repository/org/apache/tomcat/embed/tomcat-embed-websocket/10.1.30/tomcat-embed-websocket-10.1.30.jar:/home/daviespr/.m2/repository/org/springframework/spring-web/6.1.13/spring-web-6.1.13.jar:/home/daviespr/.m2/repository/org/springframework/spring-beans/6.1.13/spring-beans-6.1.13.jar:/home/daviespr/.m2/repository/io/micrometer/micrometer-observation/1.13.4/micrometer-observation-1.13.4.jar:/home/daviespr/.m2/repository/io/micrometer/micrometer-commons/1.13.4/micrometer-commons-1.13.4.jar:/home/daviespr/.m2/repository/org/springframework/spring-webmvc/6.1.13/spring-webmvc-6.1.13.jar:/home/daviespr/.m2/repository/org/springframework/spring-context/6.1.13/spring-context-6.1.13.jar:/home/daviespr/.m2/repository/org/springframework/spring-expression/6.1.13/spring-expression-6.1.13.jar:/home/daviespr/.m2/repository/org/springframework/boot/spring-boot-starter-aop/3.3.4/spring-boot-starter-aop-3.3.4.jar:/home/daviespr/.m2/repository/org/springframework/spring-aop/6.1.13/spring-aop-6.1.13.jar:/home/daviespr/.m2/repository/org/springframework/boot/spring-boot-starter-test/3.3.4/spring-boot-starter-test-3.3.4.jar:/home/daviespr/.m2/repository/org/springframework/boot/spring-boot-test/3.3.4/spring-boot-test-3.3.4.jar:/home/daviespr/.m2/repository/org/springframework/boot/spring-boot-test-autoconfigure/3.3.4/spring-boot-test-autoconfigure-3.3.4.jar:/home/daviespr/.m2/repository/com/jayway/jsonpath/json-path/2.9.0/json-path-2.9.0.jar:/home/daviespr/.m2/repository/org/slf4j/slf4j-api/2.0.16/slf4j-api-2.0.16.jar:/home/daviespr/.m2/repository/jakarta/xml/bind/jakarta.xml.bind-api/4.0.2/jakarta.xml.bind-api-4.0.2.jar:/home/daviespr/.m2/repository/jakarta/activation/jakarta.activation-api/2.1.3/jakarta.activation-api-2.1.3.jar:/home/daviespr/.m2/repository/net/minidev/json-smart/2.5.1/json-smart-2.5.1.jar:/home/daviespr/.m2/repository/net/minidev/accessors-smart/2.5.1/accessors-smart-2.5.1.jar:/home/daviespr/.m2/repository/org/ow2/asm/asm/9.6/asm-9.6.jar:/home/daviespr/.m2/repository/org/assertj/assertj-core/3.25.3/assertj-core-3.25.3.jar:/home/daviespr/.m2/repository/net/bytebuddy/byte-buddy/1.14.19/byte-buddy-1.14.19.jar:/home/daviespr/.m2/repository/org/awaitility/awaitility/4.2.2/awaitility-4.2.2.jar:/home/daviespr/.m2/repository/org/hamcrest/hamcrest/2.2/hamcrest-2.2.jar:/home/daviespr/.m2/repository/org/mockito/mockito-core/5.11.0/mockito-core-5.11.0.jar:/home/daviespr/.m2/repository/net/bytebuddy/byte-buddy-agent/1.14.19/byte-buddy-agent-1.14.19.jar:/home/daviespr/.m2/repository/org/objenesis/objenesis/3.3/objenesis-3.3.jar:/home/daviespr/.m2/repository/org/mockito/mockito-junit-jupiter/5.11.0/mockito-junit-jupiter-5.11.0.jar:/home/daviespr/.m2/repository/org/skyscreamer/jsonassert/1.5.3/jsonassert-1.5.3.jar:/home/daviespr/.m2/repository/com/vaadin/external/google/android-json/0.0.20131108.vaadin1/android-json-0.0.20131108.vaadin1.jar:/home/daviespr/.m2/repository/org/springframework/spring-core/6.1.13/spring-core-6.1.13.jar:/home/daviespr/.m2/repository/org/springframework/spring-jcl/6.1.13/spring-jcl-6.1.13.jar:/home/daviespr/.m2/repository/org/springframework/spring-test/6.1.13/spring-test-6.1.13.jar:/home/daviespr/.m2/repository/org/xmlunit/xmlunit-core/2.9.1/xmlunit-core-2.9.1.jar:/home/daviespr/.m2/repository/org/junit/jupiter/junit-jupiter/5.8.1/junit-jupiter-5.8.1.jar:/home/daviespr/.m2/repository/org/junit/jupiter/junit-jupiter-api/5.10.3/junit-jupiter-api-5.10.3.jar:/home/daviespr/.m2/repository/org/opentest4j/opentest4j/1.3.0/opentest4j-1.3.0.jar:/home/daviespr/.m2/repository/org/junit/platform/junit-platform-commons/1.10.3/junit-platform-commons-1.10.3.jar:/home/daviespr/.m2/repository/org/apiguardian/apiguardian-api/1.1.2/apiguardian-api-1.1.2.jar:/home/daviespr/.m2/repository/org/junit/jupiter/junit-jupiter-params/5.10.3/junit-jupiter-params-5.10.3.jar:/home/daviespr/.m2/repository/org/junit/jupiter/junit-jupiter-engine/5.10.3/junit-jupiter-engine-5.10.3.jar:/home/daviespr/.m2/repository/org/junit/platform/junit-platform-engine/1.10.3/junit-platform-engine-1.10.3.jar:/home/daviespr/.m2/repository/org/webjars/webjars-locator/0.52/webjars-locator-0.52.jar:/home/daviespr/.m2/repository/org/webjars/webjars-locator-core/0.58/webjars-locator-core-0.58.jar:/home/daviespr/.m2/repository/io/github/classgraph/classgraph/4.8.168/classgraph-4.8.168.jar:/home/daviespr/.m2/repository/com/fasterxml/jackson/core/jackson-core/2.17.2/jackson-core-2.17.2.jar:/home/daviespr/.m2/repository/com/fasterxml/jackson/core/jackson-databind/2.17.2/jackson-databind-2.17.2.jar:/home/daviespr/.m2/repository/com/fasterxml/jackson/core/jackson-annotations/2.17.2/jackson-annotations-2.17.2.jar:/home/daviespr/.m2/repository/org/apache/commons/commons-text/1.11.0/commons-text-1.11.0.jar:/home/daviespr/.m2/repository/org/apache/commons/commons-lang3/3.14.0/commons-lang3-3.14.0.jar:/home/daviespr/.m2/repository/com/github/spullara/mustache/java/compiler/0.9.11/compiler-0.9.11.jar:/home/daviespr/.m2/repository/org/webjars/bootstrap/3.3.7/bootstrap-3.3.7.jar:/home/daviespr/.m2/repository/org/webjars/jquery/3.1.0/jquery-3.1.0.jar:"/>
    <property name="sun.cpu.endian" value="little"/>
    <property name="user.home" value="/home/daviespr"/>
    <property name="user.language" value="es"/>
    <property name="java.specification.vendor" value="Oracle Corporation"/>
    <property name="java.version.date" value="2025-07-15"/>
    <property name="java.home" value="/usr/lib/jvm/java-17-openjdk-amd64"/>
    <property name="file.separator" value="/"/>
    <property name="basedir" value="/home/daviespr/JS_Blueprint"/>
    <property name="java.vm.compressedOopsMode" value="Zero based"/>
    <property name="line.separator" value="&#10;"/>
    <property name="java.specification.name" value="Java Platform API Specification"/>
    <property name="java.vm.specification.vendor" value="Oracle Corporation"/>
    <property name="FILE_LOG_CHARSET" value="UTF-8"/>
    <property name="java.awt.headless" value="true"/>
    <property name="surefire.real.class.path" value="/home/daviespr/JS_Blueprint/target/surefire/surefirebooter-20251004082813694_3.jar"/>
    <property name="sun.management.compiler" value="HotSpot 64-Bit Tiered Compilers"/>
    <property name="java.runtime.version" value="17.0.16+8-Debian-1deb12u1"/>
    <property name="user.name" value="daviespr"/>
    <property name="path.separator" value=":"/>
    <property name="os.version" value="6.1.0-40-amd64"/>
    <property name="java.runtime.name" value="OpenJDK Runtime Environment"/>
    <property name="file.encoding" value="UTF-8"/>
    <property name="java.vm.name" value="OpenJDK 64-Bit Server VM"/>
    <property name="localRepository" value="/home/daviespr/.m2/repository"/>
    <property name="java.vendor.url.bug" value="https://bugs.debian.org/openjdk-17"/>
    <property name="java.io.tmpdir" value="/tmp"/>
    <property name="java.version" value="17.0.16"/>
    <property name="user.dir" value="/home/daviespr/JS_Blueprint"/>
    <property name="os.arch" value="amd64"/>
    <property name="java.vm.specification.name" value="Java Virtual Machine Specification"/>
    <property name="PID" value="7550"/>
    <property name="CONSOLE_LOG_CHARSET" value="UTF-8"/>
    <property name="native.encoding" value="UTF-8"/>
    <property name="java.library.path" value="/usr/java/packages/lib:/usr/lib/x86_64-linux-gnu/jni:/lib/x86_64-linux-gnu:/usr/lib/x86_64-linux-gnu:/usr/lib/jni:/lib:/usr/lib"/>
    <property name="java.vm.info" value="mixed mode, sharing"/>
    <property name="java.vendor" value="Debian"/>
    <property name="java.vm.version" value="17.0.16+8-Debian-1deb12u1"/>
    <property name="java.specification.maintenance.version" value="1"/>
    <property name="sun.io.unicode.encoding" value="UnicodeLittle"/>
    <property name="java.class.version" value="61.0"/>
  </properties>
  <testcase name="shouldThrowWhenBlueprintNotFound" classname="edu.eci.arsw.blueprints.test.services.ApplicationServicesTests" time="0.642">
    <system-out><![CDATA[08:28:14.365 [main] INFO org.springframework.test.context.support.AnnotationConfigContextLoaderUtils -- Could not detect default configuration classes for test class [edu.eci.arsw.blueprints.test.services.ApplicationServicesTests]: ApplicationServicesTests does not declare any static, non-private, non-final, nested classes annotated with @Configuration.
08:28:14.477 [main] INFO org.springframework.boot.test.context.SpringBootTestContextBootstrapper -- Found @SpringBootConfiguration edu.eci.arsw.blueprints.BlueprintsAPIApplication for test class edu.eci.arsw.blueprints.test.services.ApplicationServicesTests

  .   ____          _            __ _ _
 /\\ / ___'_ __ _ _(_)_ __  __ _ \ \ \ \
( ( )\___ | '_ | '_| | '_ \/ _` | \ \ \ \
 \\/  ___)| |_)| | | | | || (_| |  ) ) ) )
  '  |____| .__|_| |_|_| |_\__, | / / / /
 =========|_|==============|___/=/_/_/_/

 :: Spring Boot ::                (v3.3.4)

2025-10-04T08:28:14.837-05:00  INFO 7550 --- [           main] e.e.a.b.t.s.ApplicationServicesTests     : Starting ApplicationServicesTests using Java 17.0.16 with PID 7550 (started by daviespr in /home/daviespr/JS_Blueprint)
2025-10-04T08:28:14.839-05:00  INFO 7550 --- [           main] e.e.a.b.t.s.ApplicationServicesTests     : No active profile set, falling back to 1 default profile: "default"
2025-10-04T08:28:15.570-05:00  INFO 7550 --- [           main] o.s.b.a.w.s.WelcomePageHandlerMapping    : Adding welcome page: class path resource [static/index.html]
2025-10-04T08:28:16.256-05:00  INFO 7550 --- [           main] e.e.a.b.t.s.ApplicationServicesTests     : Started ApplicationServicesTests in 1.665 seconds (process running for 2.499)
]]></system-out>
  </testcase>
  <testcase name="shouldRegisterBlueprint" classname="edu.eci.arsw.blueprints.test.services.ApplicationServicesTests" time="0.004"/>
  <testcase name="contextLoads" classname="edu.eci.arsw.blueprints.test.services.ApplicationServicesTests" time="0.002"/>
</testsuite>